Arguments: 
  /usr/bin/node /usr/bin/yarn

PATH: 
  /home/victor-vitalino/.zinit/polaris/bin:/usr/local/sbin:/usr/local/bin:/usr/sbin:/usr/bin:/sbin:/bin:/usr/games:/usr/local/games:/snap/bin:/home/victor-vitalino/Android/Sdk/emulator:/home/victor-vitalino/Android/Sdk/tools:/home/victor-vitalino/Android/Sdk/tools/bin:/home/victor-vitalino/Android/Sdk/platform-tools:/home/victor-vitalino/android-studio/bin:/home/victor-vitalino/Android/Sdk/emulator:/home/victor-vitalino/Android/Sdk/tools:/home/victor-vitalino/Android/Sdk/tools/bin:/home/victor-vitalino/Android/Sdk/platform-tools:/home/victor-vitalino/android-studio/bin

Yarn version: 
  1.22.10

Node version: 
  14.19.2

Platform: 
  linux x64

Trace: 
  Error: getaddrinfo EAI_AGAIN registry.yarnpkg.com
      at GetAddrInfoReqWrap.onlookup [as oncomplete] (dns.js:71:26)

npm manifest: 
  {
    "name": "bot2",
    "version": "1.0.1",
    "description": "Bot",
    "main": "./src/index.js",
    "scripts": {
      "start": "node ./src/index.js",
      "test": "echo \"Error: no test specified\" && exit 1"
    },
    "keywords": [],
    "author": "",
    "license": "ISC",
    "dependencies": {
      "venom-bot": "^3.0.8"
    }
  }

yarn manifest: 
  No manifest

Lockfile: 
  No lockfile
